app/build/intermediates/manifest_merge_blame_file/debug/processDebugMainManifest/manifest-merger-blame-debug-report.txt
1<?xml version="1.0" encoding="utf-8"?>
2<manifest xmlns:android="http://schemas.android.com/apk/res/android"
3    package="com.leonardodidomenico.nearby"
4    android:versionCode="1"
5    android:versionName="1.0" >
6
7    <uses-sdk
8        android:minSdkVersion="24"
9        android:targetSdkVersion="34" />
10
11    <uses-permission android:name="android.permission.INTERNET" />
11-->src\main\AndroidManifest.xml:5:5-66
11-->src\main\AndroidManifest.xml:5:22-64
12
13    <!-- Include required permissions for Google Maps API to run. -->
14    <uses-permission android:name="android.permission.ACCESS_NETWORK_STATE" />
14-->[com.google.android.gms:play-services-maps:18.2.0] AndroidManifest.xml:23:5-79
14-->[com.google.android.gms:play-services-maps:18.2.0] AndroidManifest.xml:23:22-76
15
16    <uses-feature
16-->[com.google.android.gms:play-services-maps:18.2.0] AndroidManifest.xml:26:5-28:35
17        android:glEsVersion="0x00020000"
17-->[com.google.android.gms:play-services-maps:18.2.0] AndroidManifest.xml:27:9-41
18        android:required="true" />
18-->[com.google.android.gms:play-services-maps:18.2.0] AndroidManifest.xml:28:9-32
19
20    <queries>
20-->[com.google.android.gms:play-services-maps:18.2.0] AndroidManifest.xml:30:5-34:15
21
22        <!-- Needs to be explicitly declared on Android R+ -->
23        <package android:name="com.google.android.apps.maps" />
23-->[com.google.android.gms:play-services-maps:18.2.0] AndroidManifest.xml:33:9-64
23-->[com.google.android.gms:play-services-maps:18.2.0] AndroidManifest.xml:33:18-61
24    </queries>
25
26    <permission
26-->[androidx.core:core:1.15.0] AndroidManifest.xml:22:5-24:47
27        android:name="com.leonardodidomenico.nearby.DYNAMIC_RECEIVER_NOT_EXPORTED_PERMISSION"
27-->[androidx.core:core:1.15.0] AndroidManifest.xml:23:9-81
28        android:protectionLevel="signature" />
28-->[androidx.core:core:1.15.0] AndroidManifest.xml:24:9-44
29
30    <uses-permission android:name="com.leonardodidomenico.nearby.DYNAMIC_RECEIVER_NOT_EXPORTED_PERMISSION" />
30-->[androidx.core:core:1.15.0] AndroidManifest.xml:26:5-97
30-->[androidx.core:core:1.15.0] AndroidManifest.xml:26:22-94
31    <uses-permission android:name="android.permission.CAMERA" /> <!-- Don't require camera, as this requires a rear camera. This allows it to work on the Nexus 7 -->
31-->[com.journeyapps:zxing-android-embedded:4.3.0] AndroidManifest.xml:22:5-65
31-->[com.journeyapps:zxing-android-embedded:4.3.0] AndroidManifest.xml:22:22-62
32    <uses-feature
32-->[com.journeyapps:zxing-android-embedded:4.3.0] AndroidManifest.xml:25:5-27:36
33        android:name="android.hardware.camera"
33-->[com.journeyapps:zxing-android-embedded:4.3.0] AndroidManifest.xml:26:9-47
34        android:required="false" />
34-->[com.journeyapps:zxing-android-embedded:4.3.0] AndroidManifest.xml:27:9-33
35    <uses-feature
35-->[com.journeyapps:zxing-android-embedded:4.3.0] AndroidManifest.xml:28:5-30:36
36        android:name="android.hardware.camera.front"
36-->[com.journeyapps:zxing-android-embedded:4.3.0] AndroidManifest.xml:29:9-53
37        android:required="false" /> <!-- TODO replace above two with next line after Android 4.2 -->
37-->[com.journeyapps:zxing-android-embedded:4.3.0] AndroidManifest.xml:30:9-33
38    <!-- <uses-feature android:name="android.hardware.camera.any"/> -->
39    <uses-feature
39-->[com.journeyapps:zxing-android-embedded:4.3.0] AndroidManifest.xml:33:5-35:36
40        android:name="android.hardware.camera.autofocus"
40-->[com.journeyapps:zxing-android-embedded:4.3.0] AndroidManifest.xml:34:9-57
41        android:required="false" />
41-->[com.journeyapps:zxing-android-embedded:4.3.0] AndroidManifest.xml:35:9-33
42    <uses-feature
42-->[com.journeyapps:zxing-android-embedded:4.3.0] AndroidManifest.xml:36:5-38:36
43        android:name="android.hardware.camera.flash"
43-->[com.journeyapps:zxing-android-embedded:4.3.0] AndroidManifest.xml:37:9-53
44        android:required="false" />
44-->[com.journeyapps:zxing-android-embedded:4.3.0] AndroidManifest.xml:38:9-33
45    <uses-feature
45-->[com.journeyapps:zxing-android-embedded:4.3.0] AndroidManifest.xml:39:5-41:36
46        android:name="android.hardware.screen.landscape"
46-->[com.journeyapps:zxing-android-embedded:4.3.0] AndroidManifest.xml:40:9-57
47        android:required="false" />
47-->[com.journeyapps:zxing-android-embedded:4.3.0] AndroidManifest.xml:41:9-33
48    <uses-feature
48-->[com.journeyapps:zxing-android-embedded:4.3.0] AndroidManifest.xml:42:5-44:36
49        android:name="android.hardware.wifi"
49-->[com.journeyapps:zxing-android-embedded:4.3.0] AndroidManifest.xml:43:9-45
50        android:required="false" />
50-->[com.journeyapps:zxing-android-embedded:4.3.0] AndroidManifest.xml:44:9-33
51
52    <application
52-->src\main\AndroidManifest.xml:7:5-40:19
53        android:allowBackup="true"
53-->src\main\AndroidManifest.xml:8:9-35
54        android:appComponentFactory="androidx.core.app.CoreComponentFactory"
54-->[androidx.core:core:1.15.0] AndroidManifest.xml:28:18-86
55        android:dataExtractionRules="@xml/data_extraction_rules"
55-->src\main\AndroidManifest.xml:9:9-65
56        android:debuggable="true"
57        android:extractNativeLibs="false"
58        android:fullBackupContent="@xml/backup_rules"
58-->src\main\AndroidManifest.xml:10:9-54
59        android:icon="@mipmap/ic_nearby_launcher"
59-->src\main\AndroidManifest.xml:12:9-50
60        android:label="@string/app_name"
60-->src\main\AndroidManifest.xml:13:9-41
61        android:networkSecurityConfig="@xml/network_security_config"
61-->src\main\AndroidManifest.xml:11:9-69
62        android:roundIcon="@mipmap/ic_nearby_launcher_round"
62-->src\main\AndroidManifest.xml:14:9-61
63        android:supportsRtl="true"
63-->src\main\AndroidManifest.xml:15:9-35
64        android:testOnly="true"
65        android:theme="@style/Theme.Nearby"
65-->src\main\AndroidManifest.xml:17:9-44
66        android:usesCleartextTraffic="true" >
66-->src\main\AndroidManifest.xml:16:9-44
67        <activity
67-->src\main\AndroidManifest.xml:20:9-28:20
68            android:name="com.rocketseat.nlw.nearby.MainActivity"
68-->src\main\AndroidManifest.xml:21:13-66
69            android:exported="true"
69-->src\main\AndroidManifest.xml:22:13-36
70            android:theme="@style/Theme.Nearby" >
70-->src\main\AndroidManifest.xml:23:13-48
71            <intent-filter>
71-->src\main\AndroidManifest.xml:24:13-27:29
72                <action android:name="android.intent.action.MAIN" />
72-->src\main\AndroidManifest.xml:25:17-69
72-->src\main\AndroidManifest.xml:25:25-66
73
74                <category android:name="android.intent.category.LAUNCHER" />
74-->src\main\AndroidManifest.xml:26:17-77
74-->src\main\AndroidManifest.xml:26:27-74
75            </intent-filter>
76        </activity>
77
78        <!--
79             Metadados para pré-carregar fontes personalizadas no aplicativo.
80                  - Usado para melhorar o desempenho ao carregar fontes, já que elas são pré-carregadas na memória do app.
81        -->
82        <meta-data
82-->src\main\AndroidManifest.xml:33:9-35:57
83            android:name="preloaded_fonts"
83-->src\main\AndroidManifest.xml:34:13-43
84            android:resource="@array/preloaded_fonts" />
84-->src\main\AndroidManifest.xml:35:13-54
85        <meta-data
85-->src\main\AndroidManifest.xml:36:9-38:71
86            android:name="com.google.android.geo.API_KEY"
86-->src\main\AndroidManifest.xml:37:13-58
87            android:value="AIzaSyBV8AZMBXgT5QYntvz5TwYowOPldHORjjQ" />
87-->src\main\AndroidManifest.xml:38:13-68
88
89        <!-- Needs to be explicitly declared on P+ -->
90        <uses-library
90-->[com.google.android.gms:play-services-maps:18.2.0] AndroidManifest.xml:39:9-41:40
91            android:name="org.apache.http.legacy"
91-->[com.google.android.gms:play-services-maps:18.2.0] AndroidManifest.xml:40:13-50
92            android:required="false" />
92-->[com.google.android.gms:play-services-maps:18.2.0] AndroidManifest.xml:41:13-37
93
94        <activity
94-->[com.google.android.gms:play-services-base:18.0.1] AndroidManifest.xml:20:9-22:45
95            android:name="com.google.android.gms.common.api.GoogleApiActivity"
95-->[com.google.android.gms:play-services-base:18.0.1] AndroidManifest.xml:20:19-85
96            android:exported="false"
96-->[com.google.android.gms:play-services-base:18.0.1] AndroidManifest.xml:22:19-43
97            android:theme="@android:style/Theme.Translucent.NoTitleBar" />
97-->[com.google.android.gms:play-services-base:18.0.1] AndroidManifest.xml:21:19-78
98
99        <meta-data
99-->[com.google.android.gms:play-services-basement:18.0.0] AndroidManifest.xml:21:9-23:69
100            android:name="com.google.android.gms.version"
100-->[com.google.android.gms:play-services-basement:18.0.0] AndroidManifest.xml:22:13-58
101            android:value="@integer/google_play_services_version" />
101-->[com.google.android.gms:play-services-basement:18.0.0] AndroidManifest.xml:23:13-66
102
103        <provider
103-->[androidx.emoji2:emoji2:1.3.0] AndroidManifest.xml:24:9-32:20
104            android:name="androidx.startup.InitializationProvider"
104-->[androidx.emoji2:emoji2:1.3.0] AndroidManifest.xml:25:13-67
105            android:authorities="com.leonardodidomenico.nearby.androidx-startup"
105-->[androidx.emoji2:emoji2:1.3.0] AndroidManifest.xml:26:13-68
106            android:exported="false" >
106-->[androidx.emoji2:emoji2:1.3.0] AndroidManifest.xml:27:13-37
107            <meta-data
107-->[androidx.emoji2:emoji2:1.3.0] AndroidManifest.xml:29:13-31:52
108                android:name="androidx.emoji2.text.EmojiCompatInitializer"
108-->[androidx.emoji2:emoji2:1.3.0] AndroidManifest.xml:30:17-75
109                android:value="androidx.startup" />
109-->[androidx.emoji2:emoji2:1.3.0] AndroidManifest.xml:31:17-49
110            <meta-data
110-->[androidx.lifecycle:lifecycle-process:2.8.7] AndroidManifest.xml:29:13-31:52
111                android:name="androidx.lifecycle.ProcessLifecycleInitializer"
111-->[androidx.lifecycle:lifecycle-process:2.8.7] AndroidManifest.xml:30:17-78
112                android:value="androidx.startup" />
112-->[androidx.lifecycle:lifecycle-process:2.8.7] AndroidManifest.xml:31:17-49
113            <meta-data
113-->[androidx.profileinstaller:profileinstaller:1.4.1] AndroidManifest.xml:29:13-31:52
114                android:name="androidx.profileinstaller.ProfileInstallerInitializer"
114-->[androidx.profileinstaller:profileinstaller:1.4.1] AndroidManifest.xml:30:17-85
115                android:value="androidx.startup" />
115-->[androidx.profileinstaller:profileinstaller:1.4.1] AndroidManifest.xml:31:17-49
116        </provider>
117
118        <activity
118-->[androidx.compose.ui:ui-test-manifest:1.7.6] AndroidManifest.xml:23:9-25:39
119            android:name="androidx.activity.ComponentActivity"
119-->[androidx.compose.ui:ui-test-manifest:1.7.6] AndroidManifest.xml:24:13-63
120            android:exported="true" />
120-->[androidx.compose.ui:ui-test-manifest:1.7.6] AndroidManifest.xml:25:13-36
121        <activity
121-->[androidx.compose.ui:ui-tooling-android:1.7.6] AndroidManifest.xml:23:9-25:39
122            android:name="androidx.compose.ui.tooling.PreviewActivity"
122-->[androidx.compose.ui:ui-tooling-android:1.7.6] AndroidManifest.xml:24:13-71
123            android:exported="true" />
123-->[androidx.compose.ui:ui-tooling-android:1.7.6] AndroidManifest.xml:25:13-36
124
125        <receiver
125-->[androidx.profileinstaller:profileinstaller:1.4.1] AndroidManifest.xml:34:9-52:20
126            android:name="androidx.profileinstaller.ProfileInstallReceiver"
126-->[androidx.profileinstaller:profileinstaller:1.4.1] AndroidManifest.xml:35:13-76
127            android:directBootAware="false"
127-->[androidx.profileinstaller:profileinstaller:1.4.1] AndroidManifest.xml:36:13-44
128            android:enabled="true"
128-->[androidx.profileinstaller:profileinstaller:1.4.1] AndroidManifest.xml:37:13-35
129            android:exported="true"
129-->[androidx.profileinstaller:profileinstaller:1.4.1] AndroidManifest.xml:38:13-36
130            android:permission="android.permission.DUMP" >
130-->[androidx.profileinstaller:profileinstaller:1.4.1] AndroidManifest.xml:39:13-57
131            <intent-filter>
131-->[androidx.profileinstaller:profileinstaller:1.4.1] AndroidManifest.xml:40:13-42:29
132                <action android:name="androidx.profileinstaller.action.INSTALL_PROFILE" />
132-->[androidx.profileinstaller:profileinstaller:1.4.1] AndroidManifest.xml:41:17-91
132-->[androidx.profileinstaller:profileinstaller:1.4.1] AndroidManifest.xml:41:25-88
133            </intent-filter>
134            <intent-filter>
134-->[androidx.profileinstaller:profileinstaller:1.4.1] AndroidManifest.xml:43:13-45:29
135                <action android:name="androidx.profileinstaller.action.SKIP_FILE" />
135-->[androidx.profileinstaller:profileinstaller:1.4.1] AndroidManifest.xml:44:17-85
135-->[androidx.profileinstaller:profileinstaller:1.4.1] AndroidManifest.xml:44:25-82
136            </intent-filter>
137            <intent-filter>
137-->[androidx.profileinstaller:profileinstaller:1.4.1] AndroidManifest.xml:46:13-48:29
138                <action android:name="androidx.profileinstaller.action.SAVE_PROFILE" />
138-->[androidx.profileinstaller:profileinstaller:1.4.1] AndroidManifest.xml:47:17-88
138-->[androidx.profileinstaller:profileinstaller:1.4.1] AndroidManifest.xml:47:25-85
139            </intent-filter>
140            <intent-filter>
140-->[androidx.profileinstaller:profileinstaller:1.4.1] AndroidManifest.xml:49:13-51:29
141                <action android:name="androidx.profileinstaller.action.BENCHMARK_OPERATION" />
141-->[androidx.profileinstaller:profileinstaller:1.4.1] AndroidManifest.xml:50:17-95
141-->[androidx.profileinstaller:profileinstaller:1.4.1] AndroidManifest.xml:50:25-92
142            </intent-filter>
143        </receiver>
144
145        <activity
145-->[com.journeyapps:zxing-android-embedded:4.3.0] AndroidManifest.xml:47:9-53:63
146            android:name="com.journeyapps.barcodescanner.CaptureActivity"
146-->[com.journeyapps:zxing-android-embedded:4.3.0] AndroidManifest.xml:48:13-74
147            android:clearTaskOnLaunch="true"
147-->[com.journeyapps:zxing-android-embedded:4.3.0] AndroidManifest.xml:49:13-45
148            android:screenOrientation="sensorLandscape"
148-->[com.journeyapps:zxing-android-embedded:4.3.0] AndroidManifest.xml:50:13-56
149            android:stateNotNeeded="true"
149-->[com.journeyapps:zxing-android-embedded:4.3.0] AndroidManifest.xml:51:13-42
150            android:theme="@style/zxing_CaptureTheme"
150-->[com.journeyapps:zxing-android-embedded:4.3.0] AndroidManifest.xml:52:13-54
151            android:windowSoftInputMode="stateAlwaysHidden" />
151-->[com.journeyapps:zxing-android-embedded:4.3.0] AndroidManifest.xml:53:13-60
152    </application>
153
154</manifest>